<!DOCTYPE html PUBLIC "-//W3C//DTD XHTML 1.1//EN" "https://www.w3.org/TR/xhtml11/DTD/xhtml11.dtd">
<html xmlns="https://www.w3.org/1999/xhtml">
<head>
<meta http-equiv="content-type" content="text/html; charset=UTF-8"/>
<title>TestNG Report</title>
<style type="text/css">table {margin-bottom:10px;border-collapse:collapse;empty-cells:show}th,td {border:1px solid #009;padding:.25em .5em}th {vertical-align:bottom}td {vertical-align:top}table a {font-weight:bold}.stripe td {background-color: #E6EBF9}.num {text-align:right}.passedodd td {background-color: #3F3}.passedeven td {background-color: #0A0}.skippedodd td {background-color: #DDD}.skippedeven td {background-color: #CCC}.failedodd td,.attn {background-color: #F33}.failedeven td,.stripe .attn {background-color: #D00}.stacktrace {white-space:pre;font-family:monospace}.totop {font-size:85%;text-align:center;border-bottom:2px solid #000}.invisible {display:none}</style>
</head>
<body>
<table>
<tr><th>Test</th><th># Passed</th><th># Skipped</th><th># Retried</th><th># Failed</th><th>Time (ms)</th><th>Included Groups</th><th>Excluded Groups</th></tr>
<tr><th colspan="8">Suite</th></tr>
<tr><td><a href="#t0">Test</a></td><td class="num">14</td><td class="num">0</td><td class="num">0</td><td class="num attn">2</td><td class="num">135,872</td><td></td><td></td></tr>
</table>
<table id='summary'><thead><tr><th>Class</th><th>Method</th><th>Start</th><th>Time (ms)</th></tr></thead><tbody><tr><th colspan="4">Suite</th></tr></tbody><tbody id="t0"><tr><th colspan="4">Test &#8212; failed</th></tr><tr class="failedeven"><td rowspan="2">test.TestCase.TC_LoginTest</td><td><a href="#m0">TC01_LoginExcelAccount</a></td><td rowspan="2">1703228631869</td><td rowspan="2">4624</td></tr><tr class="failedeven"><td><a href="#m1">TC01_LoginExcelAccount</a></td></tr><tr><th colspan="4">Test &#8212; passed</th></tr><tr class="passedeven"><td rowspan="14">test.TestCase.TC_LoginTest</td><td><a href="#m2">AccessLoginPage</a></td><td rowspan="1">1703228579029</td><td rowspan="1">1200</td></tr><tr class="passedeven"><td><a href="#m3">TC01_LoginExcelAccount</a></td><td rowspan="5">1703228590198</td><td rowspan="5">9209</td></tr><tr class="passedeven"><td><a href="#m4">TC01_LoginExcelAccount</a></td></tr><tr class="passedeven"><td><a href="#m5">TC01_LoginExcelAccount</a></td></tr><tr class="passedeven"><td><a href="#m6">TC01_LoginExcelAccount</a></td></tr><tr class="passedeven"><td><a href="#m7">TC01_LoginExcelAccount</a></td></tr><tr class="passedeven"><td><a href="#m8">TC02_RegisterAccount</a></td><td rowspan="1">1703228636656</td><td rowspan="1">30457</td></tr><tr class="passedeven"><td><a href="#m9">TC03_accessProductPage</a></td><td rowspan="1">1703228667116</td><td rowspan="1">7908</td></tr><tr class="passedeven"><td><a href="#m10">TC05_verifyProductResult</a></td><td rowspan="1">1703228675026</td><td rowspan="1">2281</td></tr><tr class="passedeven"><td><a href="#m11">TC06_verifyDetailProduct</a></td><td rowspan="1">1703228677308</td><td rowspan="1">3537</td></tr><tr class="passedeven"><td><a href="#m12">TC07_actionAddtoCart</a></td><td rowspan="1">1703228680846</td><td rowspan="1">5413</td></tr><tr class="passedeven"><td><a href="#m13">TC07_verifyViewCart</a></td><td rowspan="1">1703228686260</td><td rowspan="1">4063</td></tr><tr class="passedeven"><td><a href="#m14">TC08_verifyDeleteBtn</a></td><td rowspan="1">1703228690325</td><td rowspan="1">6887</td></tr><tr class="passedeven"><td><a href="#m15">TC09_deleteExistAccount</a></td><td rowspan="1">1703228697213</td><td rowspan="1">7596</td></tr></tbody>
</table>
<h2>Test</h2><h3 id="m0">test.TestCase.TC_LoginTest#TC01_LoginExcelAccount</h3><table class="result"><tr class="param"><th>Parameter #1</th><th>Parameter #2</th></tr><tr class="param stripe"><td>funixExample7@gmail.com</td><td>Abc111</td></tr><tr><th colspan="2">Messages</th></tr><tr><td colspan="2"><div class="messages"><br><a href=D:\Testing_practise\STP304x_EndToEnd_Selenium\.\screenshots\funixExample72023-12-22.png><img src="D:\Testing_practise\STP304x_EndToEnd_Selenium\.\screenshots\funixExample72023-12-22.png"width='360; height='240'/></a><br></div></td></tr><tr><th colspan="2">Exception</th></tr><tr><td colspan="2"><div class="stacktrace">org.openqa.selenium.NoSuchElementException: no such element: Unable to locate element: {&quot;method&quot;:&quot;xpath&quot;,&quot;selector&quot;:&quot;//a[@href=&apos;/logout&apos;]&quot;}
  (Session info: chrome=120.0.6099.111)
For documentation on this error, please visit: https://www.seleniumhq.org/exceptions/no_such_element.html
Build info: version: &apos;3.141.59&apos;, revision: &apos;e82be7d358&apos;, time: &apos;2018-11-14T08:17:03&apos;
System info: host: &apos;DESKTOP-SUM4876&apos;, ip: &apos;192.168.114.1&apos;, os.name: &apos;Windows 10&apos;, os.arch: &apos;amd64&apos;, os.version: &apos;10.0&apos;, java.version: &apos;20.0.2&apos;
Driver info: org.openqa.selenium.chrome.ChromeDriver
Capabilities {acceptInsecureCerts: false, browserName: chrome, browserVersion: 120.0.6099.111, chrome: {chromedriverVersion: 120.0.6099.109 (3419140ab66..., userDataDir: C:\Users\ThinkPad\AppData\L...}, fedcm:accounts: true, goog:chromeOptions: {debuggerAddress: localhost:52138}, javascriptEnabled: true, networkConnectionEnabled: false, pageLoadStrategy: normal, platform: WINDOWS, platformName: WINDOWS, proxy: Proxy(), setWindowRect: true, strictFileInteractability: false, timeouts: {implicit: 0, pageLoad: 300000, script: 30000}, unhandledPromptBehavior: dismiss and notify, webauthn:extension:credBlob: true, webauthn:extension:largeBlob: true, webauthn:extension:minPinLength: true, webauthn:extension:prf: true, webauthn:virtualAuthenticators: true}
Session ID: aab7627be6640f8c118698691eedcfda
*** Element info: {Using=xpath, value=//a[@href=&apos;/logout&apos;]}
	at org.openqa.selenium.remote.http.W3CHttpResponseCodec.createException(W3CHttpResponseCodec.java:187)
	at org.openqa.selenium.remote.http.W3CHttpResponseCodec.decode(W3CHttpResponseCodec.java:122)
	at org.openqa.selenium.remote.http.W3CHttpResponseCodec.decode(W3CHttpResponseCodec.java:49)
	at org.openqa.selenium.remote.HttpCommandExecutor.execute(HttpCommandExecutor.java:158)
	at org.openqa.selenium.remote.service.DriverCommandExecutor.execute(DriverCommandExecutor.java:83)
	at org.openqa.selenium.remote.RemoteWebDriver.execute(RemoteWebDriver.java:552)
	at org.openqa.selenium.remote.RemoteWebDriver.findElement(RemoteWebDriver.java:323)
	at org.openqa.selenium.remote.RemoteWebDriver.findElementByXPath(RemoteWebDriver.java:428)
	at org.openqa.selenium.By$ByXPath.findElement(By.java:353)
	at org.openqa.selenium.remote.RemoteWebDriver.findElement(RemoteWebDriver.java:315)
	at test.Pom.LoginPage.clickSignOutBtn(LoginPage.java:50)
	at test.TestCase.TC_LoginTest.TC01_LoginExcelAccount(TC_LoginTest.java:47)
	at java.base/java.util.ArrayList.forEach(ArrayList.java:1511)
... Removed 28 stack frames</div></td></tr></table><p class="totop"><a href="#summary">back to summary</a></p>
<h3 id="m1">test.TestCase.TC_LoginTest#TC01_LoginExcelAccount</h3><table class="result"><tr class="param"><th>Parameter #1</th><th>Parameter #2</th></tr><tr class="param stripe"><td>funixExample6@gmail.com</td><td>Abc000</td></tr><tr><th colspan="2">Messages</th></tr><tr><td colspan="2"><div class="messages"><br><a href=D:\Testing_practise\STP304x_EndToEnd_Selenium\.\screenshots\funixExample62023-12-22.png><img src="D:\Testing_practise\STP304x_EndToEnd_Selenium\.\screenshots\funixExample62023-12-22.png"width='360; height='240'/></a><br></div></td></tr><tr><th colspan="2">Exception</th></tr><tr><td colspan="2"><div class="stacktrace">org.openqa.selenium.NoSuchElementException: no such element: Unable to locate element: {&quot;method&quot;:&quot;xpath&quot;,&quot;selector&quot;:&quot;//a[@href=&apos;/logout&apos;]&quot;}
  (Session info: chrome=120.0.6099.111)
For documentation on this error, please visit: https://www.seleniumhq.org/exceptions/no_such_element.html
Build info: version: &apos;3.141.59&apos;, revision: &apos;e82be7d358&apos;, time: &apos;2018-11-14T08:17:03&apos;
System info: host: &apos;DESKTOP-SUM4876&apos;, ip: &apos;192.168.114.1&apos;, os.name: &apos;Windows 10&apos;, os.arch: &apos;amd64&apos;, os.version: &apos;10.0&apos;, java.version: &apos;20.0.2&apos;
Driver info: org.openqa.selenium.chrome.ChromeDriver
Capabilities {acceptInsecureCerts: false, browserName: chrome, browserVersion: 120.0.6099.111, chrome: {chromedriverVersion: 120.0.6099.109 (3419140ab66..., userDataDir: C:\Users\ThinkPad\AppData\L...}, fedcm:accounts: true, goog:chromeOptions: {debuggerAddress: localhost:52138}, javascriptEnabled: true, networkConnectionEnabled: false, pageLoadStrategy: normal, platform: WINDOWS, platformName: WINDOWS, proxy: Proxy(), setWindowRect: true, strictFileInteractability: false, timeouts: {implicit: 0, pageLoad: 300000, script: 30000}, unhandledPromptBehavior: dismiss and notify, webauthn:extension:credBlob: true, webauthn:extension:largeBlob: true, webauthn:extension:minPinLength: true, webauthn:extension:prf: true, webauthn:virtualAuthenticators: true}
Session ID: aab7627be6640f8c118698691eedcfda
*** Element info: {Using=xpath, value=//a[@href=&apos;/logout&apos;]}
	at org.openqa.selenium.remote.http.W3CHttpResponseCodec.createException(W3CHttpResponseCodec.java:187)
	at org.openqa.selenium.remote.http.W3CHttpResponseCodec.decode(W3CHttpResponseCodec.java:122)
	at org.openqa.selenium.remote.http.W3CHttpResponseCodec.decode(W3CHttpResponseCodec.java:49)
	at org.openqa.selenium.remote.HttpCommandExecutor.execute(HttpCommandExecutor.java:158)
	at org.openqa.selenium.remote.service.DriverCommandExecutor.execute(DriverCommandExecutor.java:83)
	at org.openqa.selenium.remote.RemoteWebDriver.execute(RemoteWebDriver.java:552)
	at org.openqa.selenium.remote.RemoteWebDriver.findElement(RemoteWebDriver.java:323)
	at org.openqa.selenium.remote.RemoteWebDriver.findElementByXPath(RemoteWebDriver.java:428)
	at org.openqa.selenium.By$ByXPath.findElement(By.java:353)
	at org.openqa.selenium.remote.RemoteWebDriver.findElement(RemoteWebDriver.java:315)
	at test.Pom.LoginPage.clickSignOutBtn(LoginPage.java:50)
	at test.TestCase.TC_LoginTest.TC01_LoginExcelAccount(TC_LoginTest.java:47)
	at java.base/java.util.ArrayList.forEach(ArrayList.java:1511)
... Removed 28 stack frames</div></td></tr></table><p class="totop"><a href="#summary">back to summary</a></p>
<h3 id="m2">test.TestCase.TC_LoginTest#AccessLoginPage</h3><table class="result"><tr><th class="invisible"/></tr></table><p class="totop"><a href="#summary">back to summary</a></p>
<h3 id="m3">test.TestCase.TC_LoginTest#TC01_LoginExcelAccount</h3><table class="result"><tr class="param"><th>Parameter #1</th><th>Parameter #2</th></tr><tr class="param stripe"><td>funixExample2@gmail.com</td><td>Abc@13579</td></tr></table><p class="totop"><a href="#summary">back to summary</a></p>
<h3 id="m4">test.TestCase.TC_LoginTest#TC01_LoginExcelAccount</h3><table class="result"><tr class="param"><th>Parameter #1</th><th>Parameter #2</th></tr><tr class="param stripe"><td>funixExample3@gmail.com</td><td>Funix1122</td></tr></table><p class="totop"><a href="#summary">back to summary</a></p>
<h3 id="m5">test.TestCase.TC_LoginTest#TC01_LoginExcelAccount</h3><table class="result"><tr class="param"><th>Parameter #1</th><th>Parameter #2</th></tr><tr class="param stripe"><td>funixExample4@gmail.com</td><td>Funix1234567</td></tr></table><p class="totop"><a href="#summary">back to summary</a></p>
<h3 id="m6">test.TestCase.TC_LoginTest#TC01_LoginExcelAccount</h3><table class="result"><tr class="param"><th>Parameter #1</th><th>Parameter #2</th></tr><tr class="param stripe"><td>funixExample1@gmail.com</td><td>Abc@1234</td></tr></table><p class="totop"><a href="#summary">back to summary</a></p>
<h3 id="m7">test.TestCase.TC_LoginTest#TC01_LoginExcelAccount</h3><table class="result"><tr class="param"><th>Parameter #1</th><th>Parameter #2</th></tr><tr class="param stripe"><td>funixExample5@gmail.com</td><td>Admin123</td></tr></table><p class="totop"><a href="#summary">back to summary</a></p>
<h3 id="m8">test.TestCase.TC_LoginTest#TC02_RegisterAccount</h3><table class="result"><tr><th class="invisible"/></tr></table><p class="totop"><a href="#summary">back to summary</a></p>
<h3 id="m9">test.TestCase.TC_LoginTest#TC03_accessProductPage</h3><table class="result"><tr><th class="invisible"/></tr></table><p class="totop"><a href="#summary">back to summary</a></p>
<h3 id="m10">test.TestCase.TC_LoginTest#TC05_verifyProductResult</h3><table class="result"><tr><th class="invisible"/></tr></table><p class="totop"><a href="#summary">back to summary</a></p>
<h3 id="m11">test.TestCase.TC_LoginTest#TC06_verifyDetailProduct</h3><table class="result"><tr><th class="invisible"/></tr></table><p class="totop"><a href="#summary">back to summary</a></p>
<h3 id="m12">test.TestCase.TC_LoginTest#TC07_actionAddtoCart</h3><table class="result"><tr><th class="invisible"/></tr></table><p class="totop"><a href="#summary">back to summary</a></p>
<h3 id="m13">test.TestCase.TC_LoginTest#TC07_verifyViewCart</h3><table class="result"><tr><th class="invisible"/></tr></table><p class="totop"><a href="#summary">back to summary</a></p>
<h3 id="m14">test.TestCase.TC_LoginTest#TC08_verifyDeleteBtn</h3><table class="result"><tr><th class="invisible"/></tr></table><p class="totop"><a href="#summary">back to summary</a></p>
<h3 id="m15">test.TestCase.TC_LoginTest#TC09_deleteExistAccount</h3><table class="result"><tr><th class="invisible"/></tr></table><p class="totop"><a href="#summary">back to summary</a></p>
</body>
</html>
