<?xml version="1.0" encoding="UTF-8"?>
<testng-results ignored="0" total="16" passed="14" failed="2" skipped="0">
  <reporter-output>
    <line>
      <![CDATA[<br><a href=D:\Testing_practise\STP304x_EndToEnd_Selenium\.\screenshots\funixExample62023-12-22.png><img src="D:\Testing_practise\STP304x_EndToEnd_Selenium\.\screenshots\funixExample62023-12-22.png"width='360; height='240'/></a><br>]]>
    </line>
    <line>
      <![CDATA[<br><a href=D:\Testing_practise\STP304x_EndToEnd_Selenium\.\screenshots\funixExample72023-12-22.png><img src="D:\Testing_practise\STP304x_EndToEnd_Selenium\.\screenshots\funixExample72023-12-22.png"width='360; height='240'/></a><br>]]>
    </line>
  </reporter-output>
  <suite started-at="2023-12-22T14:02:49 ICT" name="Suite" finished-at="2023-12-22T14:05:04 ICT" duration-ms="135872">
    <groups>
    </groups>
    <test started-at="2023-12-22T14:02:49 ICT" name="Test" finished-at="2023-12-22T14:05:04 ICT" duration-ms="135872">
      <class name="test.TestCase.TC_LoginTest">
        <test-method is-config="true" signature="openBrowser()[pri:0, instance:test.TestCase.TC_LoginTest@75db5df9]" started-at="2023-12-22T14:02:49 ICT" name="openBrowser" finished-at="2023-12-22T14:02:59 ICT" duration-ms="9886" status="PASS">
          <reporter-output>
          </reporter-output>
        </test-method> <!-- openBrowser -->
        <test-method signature="AccessLoginPage()[pri:0, instance:test.TestCase.TC_LoginTest@75db5df9]" started-at="2023-12-22T14:02:59 ICT" name="AccessLoginPage" finished-at="2023-12-22T14:03:00 ICT" duration-ms="1200" status="PASS">
          <reporter-output>
          </reporter-output>
        </test-method> <!-- AccessLoginPage -->
        <test-method is-config="true" signature="takeScreenshot(org.testng.ITestResult)[pri:0, instance:test.TestCase.TC_LoginTest@75db5df9]" started-at="2023-12-22T14:03:00 ICT" name="takeScreenshot" finished-at="2023-12-22T14:03:00 ICT" duration-ms="3" status="PASS">
          <params>
            <param index="0">
              <value>
                <![CDATA[[TestResult name=AccessLoginPage status=SUCCESS method=TC_LoginTest.AccessLoginPage()[pri:0, instance:test.TestCase.TC_LoginTest@75db5df9] output={null}]]]>
              </value>
            </param>
          </params>
          <reporter-output>
          </reporter-output>
        </test-method> <!-- takeScreenshot -->
        <test-method signature="TC01_LoginExcelAccount(java.lang.String,java.lang.String)[pri:0, instance:test.TestCase.TC_LoginTest@75db5df9]" started-at="2023-12-22T14:03:00 ICT" name="TC01_LoginExcelAccount" data-provider="Excel" finished-at="2023-12-22T14:03:10 ICT" duration-ms="9217" status="PASS">
          <params>
            <param index="0">
              <value>
                <![CDATA[funixExample1@gmail.com]]>
              </value>
            </param>
            <param index="1">
              <value>
                <![CDATA[Abc@1234]]>
              </value>
            </param>
          </params>
          <reporter-output>
          </reporter-output>
        </test-method> <!-- TC01_LoginExcelAccount -->
        <test-method is-config="true" signature="takeScreenshot(org.testng.ITestResult)[pri:0, instance:test.TestCase.TC_LoginTest@75db5df9]" started-at="2023-12-22T14:03:10 ICT" name="takeScreenshot" finished-at="2023-12-22T14:03:10 ICT" duration-ms="0" status="PASS">
          <params>
            <param index="0">
              <value>
                <![CDATA[[TestResult name=TC01_LoginExcelAccount status=SUCCESS method=TC_LoginTest.TC01_LoginExcelAccount(java.lang.String,java.lang.String)[pri:0, instance:test.TestCase.TC_LoginTest@75db5df9] output={null}]]]>
              </value>
            </param>
          </params>
          <reporter-output>
          </reporter-output>
        </test-method> <!-- takeScreenshot -->
        <test-method signature="TC01_LoginExcelAccount(java.lang.String,java.lang.String)[pri:0, instance:test.TestCase.TC_LoginTest@75db5df9]" started-at="2023-12-22T14:03:10 ICT" name="TC01_LoginExcelAccount" data-provider="Excel" finished-at="2023-12-22T14:03:19 ICT" duration-ms="9209" status="PASS">
          <params>
            <param index="0">
              <value>
                <![CDATA[funixExample2@gmail.com]]>
              </value>
            </param>
            <param index="1">
              <value>
                <![CDATA[Abc@13579]]>
              </value>
            </param>
          </params>
          <reporter-output>
          </reporter-output>
        </test-method> <!-- TC01_LoginExcelAccount -->
        <test-method is-config="true" signature="takeScreenshot(org.testng.ITestResult)[pri:0, instance:test.TestCase.TC_LoginTest@75db5df9]" started-at="2023-12-22T14:03:19 ICT" name="takeScreenshot" finished-at="2023-12-22T14:03:19 ICT" duration-ms="1" status="PASS">
          <params>
            <param index="0">
              <value>
                <![CDATA[[TestResult name=TC01_LoginExcelAccount status=SUCCESS method=TC_LoginTest.TC01_LoginExcelAccount(java.lang.String,java.lang.String)[pri:0, instance:test.TestCase.TC_LoginTest@75db5df9] output={null}]]]>
              </value>
            </param>
          </params>
          <reporter-output>
          </reporter-output>
        </test-method> <!-- takeScreenshot -->
        <test-method signature="TC01_LoginExcelAccount(java.lang.String,java.lang.String)[pri:0, instance:test.TestCase.TC_LoginTest@75db5df9]" started-at="2023-12-22T14:03:19 ICT" name="TC01_LoginExcelAccount" data-provider="Excel" finished-at="2023-12-22T14:03:28 ICT" duration-ms="9271" status="PASS">
          <params>
            <param index="0">
              <value>
                <![CDATA[funixExample3@gmail.com]]>
              </value>
            </param>
            <param index="1">
              <value>
                <![CDATA[Funix1122]]>
              </value>
            </param>
          </params>
          <reporter-output>
          </reporter-output>
        </test-method> <!-- TC01_LoginExcelAccount -->
        <test-method signature="TC01_LoginExcelAccount(java.lang.String,java.lang.String)[pri:0, instance:test.TestCase.TC_LoginTest@75db5df9]" started-at="2023-12-22T14:03:28 ICT" name="TC01_LoginExcelAccount" data-provider="Excel" finished-at="2023-12-22T14:03:37 ICT" duration-ms="9127" status="PASS">
          <params>
            <param index="0">
              <value>
                <![CDATA[funixExample4@gmail.com]]>
              </value>
            </param>
            <param index="1">
              <value>
                <![CDATA[Funix1234567]]>
              </value>
            </param>
          </params>
          <reporter-output>
          </reporter-output>
        </test-method> <!-- TC01_LoginExcelAccount -->
        <test-method is-config="true" signature="takeScreenshot(org.testng.ITestResult)[pri:0, instance:test.TestCase.TC_LoginTest@75db5df9]" started-at="2023-12-22T14:03:28 ICT" name="takeScreenshot" finished-at="2023-12-22T14:03:28 ICT" duration-ms="0" status="PASS">
          <params>
            <param index="0">
              <value>
                <![CDATA[[TestResult name=TC01_LoginExcelAccount status=SUCCESS method=TC_LoginTest.TC01_LoginExcelAccount(java.lang.String,java.lang.String)[pri:0, instance:test.TestCase.TC_LoginTest@75db5df9] output={null}]]]>
              </value>
            </param>
          </params>
          <reporter-output>
          </reporter-output>
        </test-method> <!-- takeScreenshot -->
        <test-method is-config="true" signature="takeScreenshot(org.testng.ITestResult)[pri:0, instance:test.TestCase.TC_LoginTest@75db5df9]" started-at="2023-12-22T14:03:37 ICT" name="takeScreenshot" finished-at="2023-12-22T14:03:37 ICT" duration-ms="1" status="PASS">
          <params>
            <param index="0">
              <value>
                <![CDATA[[TestResult name=TC01_LoginExcelAccount status=SUCCESS method=TC_LoginTest.TC01_LoginExcelAccount(java.lang.String,java.lang.String)[pri:0, instance:test.TestCase.TC_LoginTest@75db5df9] output={null}]]]>
              </value>
            </param>
          </params>
          <reporter-output>
          </reporter-output>
        </test-method> <!-- takeScreenshot -->
        <test-method signature="TC01_LoginExcelAccount(java.lang.String,java.lang.String)[pri:0, instance:test.TestCase.TC_LoginTest@75db5df9]" started-at="2023-12-22T14:03:37 ICT" name="TC01_LoginExcelAccount" data-provider="Excel" finished-at="2023-12-22T14:03:47 ICT" duration-ms="9229" status="PASS">
          <params>
            <param index="0">
              <value>
                <![CDATA[funixExample5@gmail.com]]>
              </value>
            </param>
            <param index="1">
              <value>
                <![CDATA[Admin123]]>
              </value>
            </param>
          </params>
          <reporter-output>
          </reporter-output>
        </test-method> <!-- TC01_LoginExcelAccount -->
        <test-method signature="TC01_LoginExcelAccount(java.lang.String,java.lang.String)[pri:0, instance:test.TestCase.TC_LoginTest@75db5df9]" started-at="2023-12-22T14:03:47 ICT" name="TC01_LoginExcelAccount" data-provider="Excel" finished-at="2023-12-22T14:03:51 ICT" duration-ms="4663" status="FAIL">
          <params>
            <param index="0">
              <value>
                <![CDATA[funixExample6@gmail.com]]>
              </value>
            </param>
            <param index="1">
              <value>
                <![CDATA[Abc000]]>
              </value>
            </param>
          </params>
          <exception class="org.openqa.selenium.NoSuchElementException">
            <message>
              <![CDATA[no such element: Unable to locate element: {"method":"xpath","selector":"//a[@href='/logout']"}
  (Session info: chrome=120.0.6099.111)
For documentation on this error, please visit: https://www.seleniumhq.org/exceptions/no_such_element.html
Build info: version: '3.141.59', revision: 'e82be7d358', time: '2018-11-14T08:17:03'
System info: host: 'DESKTOP-SUM4876', ip: '192.168.114.1', os.name: 'Windows 10', os.arch: 'amd64', os.version: '10.0', java.version: '20.0.2'
Driver info: org.openqa.selenium.chrome.ChromeDriver
Capabilities {acceptInsecureCerts: false, browserName: chrome, browserVersion: 120.0.6099.111, chrome: {chromedriverVersion: 120.0.6099.109 (3419140ab66..., userDataDir: C:\Users\ThinkPad\AppData\L...}, fedcm:accounts: true, goog:chromeOptions: {debuggerAddress: localhost:52138}, javascriptEnabled: true, networkConnectionEnabled: false, pageLoadStrategy: normal, platform: WINDOWS, platformName: WINDOWS, proxy: Proxy(), setWindowRect: true, strictFileInteractability: false, timeouts: {implicit: 0, pageLoad: 300000, script: 30000}, unhandledPromptBehavior: dismiss and notify, webauthn:extension:credBlob: true, webauthn:extension:largeBlob: true, webauthn:extension:minPinLength: true, webauthn:extension:prf: true, webauthn:virtualAuthenticators: true}
Session ID: aab7627be6640f8c118698691eedcfda
*** Element info: {Using=xpath, value=//a[@href='/logout']}]]>
            </message>
            <full-stacktrace>
              <![CDATA[org.openqa.selenium.NoSuchElementException: no such element: Unable to locate element: {"method":"xpath","selector":"//a[@href='/logout']"}
  (Session info: chrome=120.0.6099.111)
For documentation on this error, please visit: https://www.seleniumhq.org/exceptions/no_such_element.html
Build info: version: '3.141.59', revision: 'e82be7d358', time: '2018-11-14T08:17:03'
System info: host: 'DESKTOP-SUM4876', ip: '192.168.114.1', os.name: 'Windows 10', os.arch: 'amd64', os.version: '10.0', java.version: '20.0.2'
Driver info: org.openqa.selenium.chrome.ChromeDriver
Capabilities {acceptInsecureCerts: false, browserName: chrome, browserVersion: 120.0.6099.111, chrome: {chromedriverVersion: 120.0.6099.109 (3419140ab66..., userDataDir: C:\Users\ThinkPad\AppData\L...}, fedcm:accounts: true, goog:chromeOptions: {debuggerAddress: localhost:52138}, javascriptEnabled: true, networkConnectionEnabled: false, pageLoadStrategy: normal, platform: WINDOWS, platformName: WINDOWS, proxy: Proxy(), setWindowRect: true, strictFileInteractability: false, timeouts: {implicit: 0, pageLoad: 300000, script: 30000}, unhandledPromptBehavior: dismiss and notify, webauthn:extension:credBlob: true, webauthn:extension:largeBlob: true, webauthn:extension:minPinLength: true, webauthn:extension:prf: true, webauthn:virtualAuthenticators: true}
Session ID: aab7627be6640f8c118698691eedcfda
*** Element info: {Using=xpath, value=//a[@href='/logout']}
at java.base/jdk.internal.reflect.DirectConstructorHandleAccessor.newInstance(DirectConstructorHandleAccessor.java:67)
at java.base/java.lang.reflect.Constructor.newInstanceWithCaller(Constructor.java:500)
at java.base/java.lang.reflect.Constructor.newInstance(Constructor.java:484)
at org.openqa.selenium.remote.http.W3CHttpResponseCodec.createException(W3CHttpResponseCodec.java:187)
at org.openqa.selenium.remote.http.W3CHttpResponseCodec.decode(W3CHttpResponseCodec.java:122)
at org.openqa.selenium.remote.http.W3CHttpResponseCodec.decode(W3CHttpResponseCodec.java:49)
at org.openqa.selenium.remote.HttpCommandExecutor.execute(HttpCommandExecutor.java:158)
at org.openqa.selenium.remote.service.DriverCommandExecutor.execute(DriverCommandExecutor.java:83)
at org.openqa.selenium.remote.RemoteWebDriver.execute(RemoteWebDriver.java:552)
at org.openqa.selenium.remote.RemoteWebDriver.findElement(RemoteWebDriver.java:323)
at org.openqa.selenium.remote.RemoteWebDriver.findElementByXPath(RemoteWebDriver.java:428)
at org.openqa.selenium.By$ByXPath.findElement(By.java:353)
at org.openqa.selenium.remote.RemoteWebDriver.findElement(RemoteWebDriver.java:315)
at test.Pom.LoginPage.clickSignOutBtn(LoginPage.java:50)
at test.TestCase.TC_LoginTest.TC01_LoginExcelAccount(TC_LoginTest.java:47)
at java.base/jdk.internal.reflect.DirectMethodHandleAccessor.invoke(DirectMethodHandleAccessor.java:104)
at java.base/java.lang.reflect.Method.invoke(Method.java:578)
at org.testng.internal.MethodInvocationHelper.invokeMethod(MethodInvocationHelper.java:133)
at org.testng.internal.TestInvoker.invokeMethod(TestInvoker.java:598)
at org.testng.internal.TestInvoker.invokeTestMethod(TestInvoker.java:173)
at org.testng.internal.MethodRunner.runInSequence(MethodRunner.java:46)
at org.testng.internal.TestInvoker$MethodInvocationAgent.invoke(TestInvoker.java:824)
at org.testng.internal.TestInvoker.invokeTestMethods(TestInvoker.java:146)
at org.testng.internal.TestMethodWorker.invokeTestMethods(TestMethodWorker.java:146)
at org.testng.internal.TestMethodWorker.run(TestMethodWorker.java:128)
at java.base/java.util.ArrayList.forEach(ArrayList.java:1511)
at org.testng.TestRunner.privateRun(TestRunner.java:794)
at org.testng.TestRunner.run(TestRunner.java:596)
at org.testng.SuiteRunner.runTest(SuiteRunner.java:377)
at org.testng.SuiteRunner.runSequentially(SuiteRunner.java:371)
at org.testng.SuiteRunner.privateRun(SuiteRunner.java:332)
at org.testng.SuiteRunner.run(SuiteRunner.java:276)
at org.testng.SuiteRunnerWorker.runSuite(SuiteRunnerWorker.java:53)
at org.testng.SuiteRunnerWorker.run(SuiteRunnerWorker.java:96)
at org.testng.TestNG.runSuitesSequentially(TestNG.java:1212)
at org.testng.TestNG.runSuitesLocally(TestNG.java:1134)
at org.testng.TestNG.runSuites(TestNG.java:1063)
at org.testng.TestNG.run(TestNG.java:1031)
at org.testng.remote.AbstractRemoteTestNG.run(AbstractRemoteTestNG.java:115)
at org.testng.remote.RemoteTestNG.initAndRun(RemoteTestNG.java:251)
at org.testng.remote.RemoteTestNG.main(RemoteTestNG.java:77)
]]>
            </full-stacktrace>
          </exception> <!-- org.openqa.selenium.NoSuchElementException -->
          <reporter-output>
            <line>
              <![CDATA[<br><a href=D:\Testing_practise\STP304x_EndToEnd_Selenium\.\screenshots\funixExample62023-12-22.png><img src="D:\Testing_practise\STP304x_EndToEnd_Selenium\.\screenshots\funixExample62023-12-22.png"width='360; height='240'/></a><br>]]>
            </line>
          </reporter-output>
        </test-method> <!-- TC01_LoginExcelAccount -->
        <test-method is-config="true" signature="takeScreenshot(org.testng.ITestResult)[pri:0, instance:test.TestCase.TC_LoginTest@75db5df9]" started-at="2023-12-22T14:03:47 ICT" name="takeScreenshot" finished-at="2023-12-22T14:03:47 ICT" duration-ms="0" status="PASS">
          <params>
            <param index="0">
              <value>
                <![CDATA[[TestResult name=TC01_LoginExcelAccount status=SUCCESS method=TC_LoginTest.TC01_LoginExcelAccount(java.lang.String,java.lang.String)[pri:0, instance:test.TestCase.TC_LoginTest@75db5df9] output={null}]]]>
              </value>
            </param>
          </params>
          <reporter-output>
          </reporter-output>
        </test-method> <!-- takeScreenshot -->
        <test-method is-config="true" signature="takeScreenshot(org.testng.ITestResult)[pri:0, instance:test.TestCase.TC_LoginTest@75db5df9]" started-at="2023-12-22T14:03:51 ICT" name="takeScreenshot" finished-at="2023-12-22T14:03:51 ICT" duration-ms="160" status="PASS">
          <params>
            <param index="0">
              <value>
                <![CDATA[[TestResult name=TC01_LoginExcelAccount status=FAILURE method=TC_LoginTest.TC01_LoginExcelAccount(java.lang.String,java.lang.String)[pri:0, instance:test.TestCase.TC_LoginTest@75db5df9] output=<br><a href=D:\Testing_practise\STP304x_EndToEnd_Selenium\.\screenshots\funixExample62023-12-22.png><img src="D:\Testing_practise\STP304x_EndToEnd_Selenium\.\screenshots\funixExample62023-12-22.png"width='360; height='240'/></a><br>]]]>
              </value>
            </param>
          </params>
          <reporter-output>
          </reporter-output>
        </test-method> <!-- takeScreenshot -->
        <test-method signature="TC01_LoginExcelAccount(java.lang.String,java.lang.String)[pri:0, instance:test.TestCase.TC_LoginTest@75db5df9]" started-at="2023-12-22T14:03:51 ICT" name="TC01_LoginExcelAccount" data-provider="Excel" finished-at="2023-12-22T14:03:56 ICT" duration-ms="4624" status="FAIL">
          <params>
            <param index="0">
              <value>
                <![CDATA[funixExample7@gmail.com]]>
              </value>
            </param>
            <param index="1">
              <value>
                <![CDATA[Abc111]]>
              </value>
            </param>
          </params>
          <exception class="org.openqa.selenium.NoSuchElementException">
            <message>
              <![CDATA[no such element: Unable to locate element: {"method":"xpath","selector":"//a[@href='/logout']"}
  (Session info: chrome=120.0.6099.111)
For documentation on this error, please visit: https://www.seleniumhq.org/exceptions/no_such_element.html
Build info: version: '3.141.59', revision: 'e82be7d358', time: '2018-11-14T08:17:03'
System info: host: 'DESKTOP-SUM4876', ip: '192.168.114.1', os.name: 'Windows 10', os.arch: 'amd64', os.version: '10.0', java.version: '20.0.2'
Driver info: org.openqa.selenium.chrome.ChromeDriver
Capabilities {acceptInsecureCerts: false, browserName: chrome, browserVersion: 120.0.6099.111, chrome: {chromedriverVersion: 120.0.6099.109 (3419140ab66..., userDataDir: C:\Users\ThinkPad\AppData\L...}, fedcm:accounts: true, goog:chromeOptions: {debuggerAddress: localhost:52138}, javascriptEnabled: true, networkConnectionEnabled: false, pageLoadStrategy: normal, platform: WINDOWS, platformName: WINDOWS, proxy: Proxy(), setWindowRect: true, strictFileInteractability: false, timeouts: {implicit: 0, pageLoad: 300000, script: 30000}, unhandledPromptBehavior: dismiss and notify, webauthn:extension:credBlob: true, webauthn:extension:largeBlob: true, webauthn:extension:minPinLength: true, webauthn:extension:prf: true, webauthn:virtualAuthenticators: true}
Session ID: aab7627be6640f8c118698691eedcfda
*** Element info: {Using=xpath, value=//a[@href='/logout']}]]>
            </message>
            <full-stacktrace>
              <![CDATA[org.openqa.selenium.NoSuchElementException: no such element: Unable to locate element: {"method":"xpath","selector":"//a[@href='/logout']"}
  (Session info: chrome=120.0.6099.111)
For documentation on this error, please visit: https://www.seleniumhq.org/exceptions/no_such_element.html
Build info: version: '3.141.59', revision: 'e82be7d358', time: '2018-11-14T08:17:03'
System info: host: 'DESKTOP-SUM4876', ip: '192.168.114.1', os.name: 'Windows 10', os.arch: 'amd64', os.version: '10.0', java.version: '20.0.2'
Driver info: org.openqa.selenium.chrome.ChromeDriver
Capabilities {acceptInsecureCerts: false, browserName: chrome, browserVersion: 120.0.6099.111, chrome: {chromedriverVersion: 120.0.6099.109 (3419140ab66..., userDataDir: C:\Users\ThinkPad\AppData\L...}, fedcm:accounts: true, goog:chromeOptions: {debuggerAddress: localhost:52138}, javascriptEnabled: true, networkConnectionEnabled: false, pageLoadStrategy: normal, platform: WINDOWS, platformName: WINDOWS, proxy: Proxy(), setWindowRect: true, strictFileInteractability: false, timeouts: {implicit: 0, pageLoad: 300000, script: 30000}, unhandledPromptBehavior: dismiss and notify, webauthn:extension:credBlob: true, webauthn:extension:largeBlob: true, webauthn:extension:minPinLength: true, webauthn:extension:prf: true, webauthn:virtualAuthenticators: true}
Session ID: aab7627be6640f8c118698691eedcfda
*** Element info: {Using=xpath, value=//a[@href='/logout']}
at java.base/jdk.internal.reflect.DirectConstructorHandleAccessor.newInstance(DirectConstructorHandleAccessor.java:67)
at java.base/java.lang.reflect.Constructor.newInstanceWithCaller(Constructor.java:500)
at java.base/java.lang.reflect.Constructor.newInstance(Constructor.java:484)
at org.openqa.selenium.remote.http.W3CHttpResponseCodec.createException(W3CHttpResponseCodec.java:187)
at org.openqa.selenium.remote.http.W3CHttpResponseCodec.decode(W3CHttpResponseCodec.java:122)
at org.openqa.selenium.remote.http.W3CHttpResponseCodec.decode(W3CHttpResponseCodec.java:49)
at org.openqa.selenium.remote.HttpCommandExecutor.execute(HttpCommandExecutor.java:158)
at org.openqa.selenium.remote.service.DriverCommandExecutor.execute(DriverCommandExecutor.java:83)
at org.openqa.selenium.remote.RemoteWebDriver.execute(RemoteWebDriver.java:552)
at org.openqa.selenium.remote.RemoteWebDriver.findElement(RemoteWebDriver.java:323)
at org.openqa.selenium.remote.RemoteWebDriver.findElementByXPath(RemoteWebDriver.java:428)
at org.openqa.selenium.By$ByXPath.findElement(By.java:353)
at org.openqa.selenium.remote.RemoteWebDriver.findElement(RemoteWebDriver.java:315)
at test.Pom.LoginPage.clickSignOutBtn(LoginPage.java:50)
at test.TestCase.TC_LoginTest.TC01_LoginExcelAccount(TC_LoginTest.java:47)
at java.base/jdk.internal.reflect.DirectMethodHandleAccessor.invoke(DirectMethodHandleAccessor.java:104)
at java.base/java.lang.reflect.Method.invoke(Method.java:578)
at org.testng.internal.MethodInvocationHelper.invokeMethod(MethodInvocationHelper.java:133)
at org.testng.internal.TestInvoker.invokeMethod(TestInvoker.java:598)
at org.testng.internal.TestInvoker.invokeTestMethod(TestInvoker.java:173)
at org.testng.internal.MethodRunner.runInSequence(MethodRunner.java:46)
at org.testng.internal.TestInvoker$MethodInvocationAgent.invoke(TestInvoker.java:824)
at org.testng.internal.TestInvoker.invokeTestMethods(TestInvoker.java:146)
at org.testng.internal.TestMethodWorker.invokeTestMethods(TestMethodWorker.java:146)
at org.testng.internal.TestMethodWorker.run(TestMethodWorker.java:128)
at java.base/java.util.ArrayList.forEach(ArrayList.java:1511)
at org.testng.TestRunner.privateRun(TestRunner.java:794)
at org.testng.TestRunner.run(TestRunner.java:596)
at org.testng.SuiteRunner.runTest(SuiteRunner.java:377)
at org.testng.SuiteRunner.runSequentially(SuiteRunner.java:371)
at org.testng.SuiteRunner.privateRun(SuiteRunner.java:332)
at org.testng.SuiteRunner.run(SuiteRunner.java:276)
at org.testng.SuiteRunnerWorker.runSuite(SuiteRunnerWorker.java:53)
at org.testng.SuiteRunnerWorker.run(SuiteRunnerWorker.java:96)
at org.testng.TestNG.runSuitesSequentially(TestNG.java:1212)
at org.testng.TestNG.runSuitesLocally(TestNG.java:1134)
at org.testng.TestNG.runSuites(TestNG.java:1063)
at org.testng.TestNG.run(TestNG.java:1031)
at org.testng.remote.AbstractRemoteTestNG.run(AbstractRemoteTestNG.java:115)
at org.testng.remote.RemoteTestNG.initAndRun(RemoteTestNG.java:251)
at org.testng.remote.RemoteTestNG.main(RemoteTestNG.java:77)
]]>
            </full-stacktrace>
          </exception> <!-- org.openqa.selenium.NoSuchElementException -->
          <reporter-output>
            <line>
              <![CDATA[<br><a href=D:\Testing_practise\STP304x_EndToEnd_Selenium\.\screenshots\funixExample72023-12-22.png><img src="D:\Testing_practise\STP304x_EndToEnd_Selenium\.\screenshots\funixExample72023-12-22.png"width='360; height='240'/></a><br>]]>
            </line>
          </reporter-output>
        </test-method> <!-- TC01_LoginExcelAccount -->
        <test-method is-config="true" signature="takeScreenshot(org.testng.ITestResult)[pri:0, instance:test.TestCase.TC_LoginTest@75db5df9]" started-at="2023-12-22T14:03:56 ICT" name="takeScreenshot" finished-at="2023-12-22T14:03:56 ICT" duration-ms="160" status="PASS">
          <params>
            <param index="0">
              <value>
                <![CDATA[[TestResult name=TC01_LoginExcelAccount status=FAILURE method=TC_LoginTest.TC01_LoginExcelAccount(java.lang.String,java.lang.String)[pri:0, instance:test.TestCase.TC_LoginTest@75db5df9] output=<br><a href=D:\Testing_practise\STP304x_EndToEnd_Selenium\.\screenshots\funixExample72023-12-22.png><img src="D:\Testing_practise\STP304x_EndToEnd_Selenium\.\screenshots\funixExample72023-12-22.png"width='360; height='240'/></a><br>]]]>
              </value>
            </param>
          </params>
          <reporter-output>
          </reporter-output>
        </test-method> <!-- takeScreenshot -->
        <test-method signature="TC02_RegisterAccount()[pri:0, instance:test.TestCase.TC_LoginTest@75db5df9]" started-at="2023-12-22T14:03:56 ICT" name="TC02_RegisterAccount" finished-at="2023-12-22T14:04:27 ICT" duration-ms="30457" status="PASS">
          <reporter-output>
          </reporter-output>
        </test-method> <!-- TC02_RegisterAccount -->
        <test-method is-config="true" signature="takeScreenshot(org.testng.ITestResult)[pri:0, instance:test.TestCase.TC_LoginTest@75db5df9]" started-at="2023-12-22T14:04:27 ICT" name="takeScreenshot" finished-at="2023-12-22T14:04:27 ICT" duration-ms="0" status="PASS">
          <params>
            <param index="0">
              <value>
                <![CDATA[[TestResult name=TC02_RegisterAccount status=SUCCESS method=TC_LoginTest.TC02_RegisterAccount()[pri:0, instance:test.TestCase.TC_LoginTest@75db5df9] output={null}]]]>
              </value>
            </param>
          </params>
          <reporter-output>
          </reporter-output>
        </test-method> <!-- takeScreenshot -->
        <test-method signature="TC03_accessProductPage()[pri:0, instance:test.TestCase.TC_LoginTest@75db5df9]" started-at="2023-12-22T14:04:27 ICT" name="TC03_accessProductPage" finished-at="2023-12-22T14:04:35 ICT" duration-ms="7908" status="PASS">
          <reporter-output>
          </reporter-output>
        </test-method> <!-- TC03_accessProductPage -->
        <test-method is-config="true" signature="takeScreenshot(org.testng.ITestResult)[pri:0, instance:test.TestCase.TC_LoginTest@75db5df9]" started-at="2023-12-22T14:04:35 ICT" name="takeScreenshot" finished-at="2023-12-22T14:04:35 ICT" duration-ms="0" status="PASS">
          <params>
            <param index="0">
              <value>
                <![CDATA[[TestResult name=TC03_accessProductPage status=SUCCESS method=TC_LoginTest.TC03_accessProductPage()[pri:0, instance:test.TestCase.TC_LoginTest@75db5df9] output={null}]]]>
              </value>
            </param>
          </params>
          <reporter-output>
          </reporter-output>
        </test-method> <!-- takeScreenshot -->
        <test-method signature="TC05_verifyProductResult()[pri:0, instance:test.TestCase.TC_LoginTest@75db5df9]" started-at="2023-12-22T14:04:35 ICT" name="TC05_verifyProductResult" finished-at="2023-12-22T14:04:37 ICT" duration-ms="2281" status="PASS">
          <reporter-output>
          </reporter-output>
        </test-method> <!-- TC05_verifyProductResult -->
        <test-method is-config="true" signature="takeScreenshot(org.testng.ITestResult)[pri:0, instance:test.TestCase.TC_LoginTest@75db5df9]" started-at="2023-12-22T14:04:37 ICT" name="takeScreenshot" finished-at="2023-12-22T14:04:37 ICT" duration-ms="0" status="PASS">
          <params>
            <param index="0">
              <value>
                <![CDATA[[TestResult name=TC05_verifyProductResult status=SUCCESS method=TC_LoginTest.TC05_verifyProductResult()[pri:0, instance:test.TestCase.TC_LoginTest@75db5df9] output={null}]]]>
              </value>
            </param>
          </params>
          <reporter-output>
          </reporter-output>
        </test-method> <!-- takeScreenshot -->
        <test-method signature="TC06_verifyDetailProduct()[pri:0, instance:test.TestCase.TC_LoginTest@75db5df9]" started-at="2023-12-22T14:04:37 ICT" name="TC06_verifyDetailProduct" finished-at="2023-12-22T14:04:40 ICT" duration-ms="3537" status="PASS">
          <reporter-output>
          </reporter-output>
        </test-method> <!-- TC06_verifyDetailProduct -->
        <test-method is-config="true" signature="takeScreenshot(org.testng.ITestResult)[pri:0, instance:test.TestCase.TC_LoginTest@75db5df9]" started-at="2023-12-22T14:04:40 ICT" name="takeScreenshot" finished-at="2023-12-22T14:04:40 ICT" duration-ms="0" status="PASS">
          <params>
            <param index="0">
              <value>
                <![CDATA[[TestResult name=TC06_verifyDetailProduct status=SUCCESS method=TC_LoginTest.TC06_verifyDetailProduct()[pri:0, instance:test.TestCase.TC_LoginTest@75db5df9] output={null}]]]>
              </value>
            </param>
          </params>
          <reporter-output>
          </reporter-output>
        </test-method> <!-- takeScreenshot -->
        <test-method signature="TC07_actionAddtoCart()[pri:0, instance:test.TestCase.TC_LoginTest@75db5df9]" started-at="2023-12-22T14:04:40 ICT" name="TC07_actionAddtoCart" finished-at="2023-12-22T14:04:46 ICT" duration-ms="5413" status="PASS">
          <reporter-output>
          </reporter-output>
        </test-method> <!-- TC07_actionAddtoCart -->
        <test-method is-config="true" signature="takeScreenshot(org.testng.ITestResult)[pri:0, instance:test.TestCase.TC_LoginTest@75db5df9]" started-at="2023-12-22T14:04:46 ICT" name="takeScreenshot" finished-at="2023-12-22T14:04:46 ICT" duration-ms="0" status="PASS">
          <params>
            <param index="0">
              <value>
                <![CDATA[[TestResult name=TC07_actionAddtoCart status=SUCCESS method=TC_LoginTest.TC07_actionAddtoCart()[pri:0, instance:test.TestCase.TC_LoginTest@75db5df9] output={null}]]]>
              </value>
            </param>
          </params>
          <reporter-output>
          </reporter-output>
        </test-method> <!-- takeScreenshot -->
        <test-method signature="TC07_verifyViewCart()[pri:0, instance:test.TestCase.TC_LoginTest@75db5df9]" started-at="2023-12-22T14:04:46 ICT" name="TC07_verifyViewCart" finished-at="2023-12-22T14:04:50 ICT" duration-ms="4063" status="PASS">
          <reporter-output>
          </reporter-output>
        </test-method> <!-- TC07_verifyViewCart -->
        <test-method is-config="true" signature="takeScreenshot(org.testng.ITestResult)[pri:0, instance:test.TestCase.TC_LoginTest@75db5df9]" started-at="2023-12-22T14:04:50 ICT" name="takeScreenshot" finished-at="2023-12-22T14:04:50 ICT" duration-ms="0" status="PASS">
          <params>
            <param index="0">
              <value>
                <![CDATA[[TestResult name=TC07_verifyViewCart status=SUCCESS method=TC_LoginTest.TC07_verifyViewCart()[pri:0, instance:test.TestCase.TC_LoginTest@75db5df9] output={null}]]]>
              </value>
            </param>
          </params>
          <reporter-output>
          </reporter-output>
        </test-method> <!-- takeScreenshot -->
        <test-method signature="TC08_verifyDeleteBtn()[pri:0, instance:test.TestCase.TC_LoginTest@75db5df9]" started-at="2023-12-22T14:04:50 ICT" name="TC08_verifyDeleteBtn" finished-at="2023-12-22T14:04:57 ICT" duration-ms="6887" status="PASS">
          <reporter-output>
          </reporter-output>
        </test-method> <!-- TC08_verifyDeleteBtn -->
        <test-method is-config="true" signature="takeScreenshot(org.testng.ITestResult)[pri:0, instance:test.TestCase.TC_LoginTest@75db5df9]" started-at="2023-12-22T14:04:57 ICT" name="takeScreenshot" finished-at="2023-12-22T14:04:57 ICT" duration-ms="0" status="PASS">
          <params>
            <param index="0">
              <value>
                <![CDATA[[TestResult name=TC08_verifyDeleteBtn status=SUCCESS method=TC_LoginTest.TC08_verifyDeleteBtn()[pri:0, instance:test.TestCase.TC_LoginTest@75db5df9] output={null}]]]>
              </value>
            </param>
          </params>
          <reporter-output>
          </reporter-output>
        </test-method> <!-- takeScreenshot -->
        <test-method signature="TC09_deleteExistAccount()[pri:0, instance:test.TestCase.TC_LoginTest@75db5df9]" started-at="2023-12-22T14:04:57 ICT" name="TC09_deleteExistAccount" finished-at="2023-12-22T14:05:04 ICT" duration-ms="7596" status="PASS">
          <reporter-output>
          </reporter-output>
        </test-method> <!-- TC09_deleteExistAccount -->
        <test-method is-config="true" signature="takeScreenshot(org.testng.ITestResult)[pri:0, instance:test.TestCase.TC_LoginTest@75db5df9]" started-at="2023-12-22T14:05:04 ICT" name="takeScreenshot" finished-at="2023-12-22T14:05:04 ICT" duration-ms="1" status="PASS">
          <params>
            <param index="0">
              <value>
                <![CDATA[[TestResult name=TC09_deleteExistAccount status=SUCCESS method=TC_LoginTest.TC09_deleteExistAccount()[pri:0, instance:test.TestCase.TC_LoginTest@75db5df9] output={null}]]]>
              </value>
            </param>
          </params>
          <reporter-output>
          </reporter-output>
        </test-method> <!-- takeScreenshot -->
        <test-method is-config="true" signature="closeBrowser()[pri:0, instance:test.TestCase.TC_LoginTest@75db5df9]" started-at="2023-12-22T14:05:04 ICT" name="closeBrowser" finished-at="2023-12-22T14:05:04 ICT" duration-ms="147" status="PASS">
          <reporter-output>
          </reporter-output>
        </test-method> <!-- closeBrowser -->
      </class> <!-- test.TestCase.TC_LoginTest -->
    </test> <!-- Test -->
  </suite> <!-- Suite -->
</testng-results>
